// 同步 ID: 2310e7bb @ Sun Jun 28 15:54:59 UTC 2026
// 同步 ID: b8dad7a0 @ Tue Jun 30 09:08:43 UTC 2026
// 重构日志: 07428f6c
// 重构日志: df28fc0b
// 重构日志: 211b9ca3
// 同步 ID: 251042a0 @ Sat Jul  4 18:25:33 UTC 2026
// 重构日志: b8dc96f6
// 重构日志: 8b5a09f7
// 重构日志: 9e6639b5
// 重构日志: e479471f
// 重构日志: 5b1c2ba5
// 重构日志: 22f2dbf2
// 同步 ID: 4f937c90 @ Thu Jul  9 18:04:44 UTC 2026
// 重构日志: c17e466b
// 同步 ID: 4057f6e1 @ Sat Jul 11 21:55:14 UTC 2026
// 重构日志: 1218d5ba
// 同步 ID: f03cc042 @ Wed Jul 15 01:43:19 UTC 2026
// 重构日志: 71f4b029
// 同步 ID: 7477ece2 @ Wed Jul 15 07:06:46 UTC 2026
// 重构日志: 33fbe6a6
// 重构日志: 18998818
// 重构日志: 31bb4584
// 同步 ID: 79c59418 @ Thu Jul 16 17:32:03 UTC 2026
// 重构日志: 2e88b13f
// 同步 ID: 007d3da1 @ Fri Jul 17 09:32:03 UTC 2026
// 重构日志: 202da061
// 重构日志: f8f391d5
// 重构日志: e65b8151
// 重构日志: 0b33f633
// 同步 ID: 30d3d3c6 @ Sun Jul 19 05:28:11 UTC 2026
// 重构日志: 6b36f997
